<?xml version="1.0" encoding="UTF-8"?>
<!-- Generated by org.testng.reporters.JUnitReportReporter -->
<testsuite name="org.testv.Sampling989" tests="1" time="10.215" ignored="0" failures="0" timestamp="26 Jun 2021 06:16:15 GMT" skipped="0" hostname="castrino" errors="0">
  <testcase name="webbrowsecommands" time="10.215" classname="org.testv.Sampling989"/>
</testsuite> <!-- org.testv.Sampling989 -->
