<?xml version="1.0" encoding="UTF-8"?>
<!-- Generated by org.testng.reporters.JUnitReportReporter -->
<testsuite name="org.testv.Samplealerts" tests="1" time="22.523" ignored="5" failures="0" timestamp="11 Jul 2021 04:23:50 GMT" skipped="0" hostname="castrino" errors="0">
  <testcase name="scrollelement" time="22.523" classname="org.testv.Samplealerts"/>
  <testcase name="alertsselenium" classname="org.testv.Samplealerts">
    <skipped/>
  </testcase> <!-- alertsselenium -->
  <testcase name="uploadings" classname="org.testv.Samplealerts">
    <skipped/>
  </testcase> <!-- uploadings -->
  <testcase name="scrollings" classname="org.testv.Samplealerts">
    <skipped/>
  </testcase> <!-- scrollings -->
  <testcase name="downloadsinguruweb" classname="org.testv.Samplealerts">
    <skipped/>
  </testcase> <!-- downloadsinguruweb -->
  <testcase name="downloads" classname="org.testv.Samplealerts">
    <skipped/>
  </testcase> <!-- downloads -->
</testsuite> <!-- org.testv.Samplealerts -->
