<?xml version="1.0" encoding="UTF-8"?>
<!-- Generated by org.testng.reporters.JUnitReportReporter -->
<testsuite name="org.testv.Actioninselenium" tests="1" time="10.348" ignored="2" failures="0" timestamp="27 Jun 2021 09:15:46 GMT" skipped="0" hostname="castrino" errors="0">
  <testcase name="tableselenium" time="10.348" classname="org.testv.Actioninselenium"/>
  <testcase name="testcalenders" classname="org.testv.Actioninselenium">
    <skipped/>
  </testcase> <!-- testcalenders -->
  <testcase name="testactions" classname="org.testv.Actioninselenium">
    <skipped/>
  </testcase> <!-- testactions -->
</testsuite> <!-- org.testv.Actioninselenium -->
